<?xml version="1.0" encoding="UTF-8"?>
<!-- Generated by org.testng.reporters.JUnitReportReporter -->
<testsuite hostname="DESKTOP-4VU4J8H" failures="0" tests="1" name="FileDWNLDandUPLD.FileDownLoad" time="11.556" errors="0" timestamp="2021-07-27T22:09:23 IST" skipped="0">
  <testcase classname="FileDWNLDandUPLD.FileDownLoad" name="TestFD" time="11.556"/>
  <system-out/>
</testsuite> <!-- FileDWNLDandUPLD.FileDownLoad -->
