<?xml version="1.0" encoding="UTF-8"?>
<!-- Generated by org.testng.reporters.JUnitReportReporter -->
<testsuite hostname="DESKTOP-4VU4J8H" failures="0" tests="1" name="A1.TestA2" time="9.413" errors="0" timestamp="2021-07-27T15:58:07 IST" skipped="0">
  <testcase classname="A1.TestA2" name="Second" time="9.413"/>
  <system-out/>
</testsuite> <!-- A1.TestA2 -->
