<?xml version="1.0" encoding="UTF-8"?>
<!-- Generated by org.testng.reporters.JUnitReportReporter -->
<testsuite hostname="DESKTOP-4VU4J8H" failures="0" tests="1" name="Test1" time="8.949" errors="0" timestamp="2021-07-27T01:41:03 IST" skipped="0">
  <testcase classname="Test1" name="test" time="8.949"/>
  <system-out/>
</testsuite> <!-- Test1 -->
