<?xml version="1.0" encoding="UTF-8"?>
<!-- Generated by org.testng.reporters.JUnitReportReporter -->
<testsuite hostname="DESKTOP-4VU4J8H" failures="0" tests="2" name="Listeners.IAnnotationTransformerWithExample" time="0.002" errors="0" timestamp="2021-07-27T15:58:07 IST" skipped="0">
  <testcase classname="Listeners.IAnnotationTransformerWithExample" name="TestAT" time="0.001"/>
  <system-out/>
  <testcase classname="Listeners.IAnnotationTransformerWithExample" name="TestAT" time="0.001"/>
  <system-out/>
</testsuite> <!-- Listeners.IAnnotationTransformerWithExample -->
